<?xml version="1.0" encoding="UTF-8"?>
<testng-results total="6" passed="6" failed="0" skipped="0">
  <reporter-output>
  </reporter-output>
  <suite started-at="2021-09-14T14:54:34Z" name="Default suite" finished-at="2021-09-14T14:54:39Z" duration-ms="5229">
    <groups>
    </groups>
    <test started-at="2021-09-14T14:54:34Z" name="Default test" finished-at="2021-09-14T14:54:39Z" duration-ms="5229">
      <class name="com.capstone1.selenium.testclass">
        <test-method is-config="true" signature="launchBrowser()[pri:0, instance:com.capstone1.selenium.testclass@61eaec38]" started-at="2021-09-14T20:24:34Z" name="launchBrowser" finished-at="2021-09-14T20:24:37Z" duration-ms="3293" status="PASS">
          <reporter-output>
          </reporter-output>
        </test-method> <!-- launchBrowser -->
        <test-method signature="checking_the_contact()[pri:0, instance:com.capstone1.selenium.testclass@61eaec38]" started-at="2021-09-14T20:24:37Z" name="checking_the_contact" finished-at="2021-09-14T20:24:38Z" duration-ms="530" status="PASS">
          <reporter-output>
          </reporter-output>
        </test-method> <!-- checking_the_contact -->
        <test-method signature="checking_the_content()[pri:0, instance:com.capstone1.selenium.testclass@61eaec38]" started-at="2021-09-14T20:24:38Z" name="checking_the_content" finished-at="2021-09-14T20:24:38Z" duration-ms="316" status="PASS">
          <reporter-output>
          </reporter-output>
        </test-method> <!-- checking_the_content -->
        <test-method signature="checking_the_name()[pri:0, instance:com.capstone1.selenium.testclass@61eaec38]" started-at="2021-09-14T20:24:38Z" name="checking_the_name" finished-at="2021-09-14T20:24:38Z" duration-ms="250" status="PASS">
          <reporter-output>
          </reporter-output>
        </test-method> <!-- checking_the_name -->
        <test-method signature="enter_registered_username_and_password()[pri:0, instance:com.capstone1.selenium.testclass@61eaec38]" started-at="2021-09-14T20:24:38Z" name="enter_registered_username_and_password" finished-at="2021-09-14T20:24:39Z" duration-ms="472" status="PASS">
          <reporter-output>
          </reporter-output>
        </test-method> <!-- enter_registered_username_and_password -->
        <test-method signature="title()[pri:0, instance:com.capstone1.selenium.testclass@61eaec38]" started-at="2021-09-14T20:24:39Z" name="title" finished-at="2021-09-14T20:24:39Z" duration-ms="233" status="PASS">
          <reporter-output>
          </reporter-output>
        </test-method> <!-- title -->
        <test-method signature="verifyHomepageTitle()[pri:0, instance:com.capstone1.selenium.testclass@61eaec38]" started-at="2021-09-14T20:24:39Z" name="verifyHomepageTitle" finished-at="2021-09-14T20:24:39Z" duration-ms="12" status="PASS">
          <reporter-output>
          </reporter-output>
        </test-method> <!-- verifyHomepageTitle -->
        <test-method is-config="true" signature="terminateBrowser()[pri:0, instance:com.capstone1.selenium.testclass@61eaec38]" started-at="2021-09-14T20:24:39Z" name="terminateBrowser" finished-at="2021-09-14T20:24:39Z" duration-ms="95" status="PASS">
          <reporter-output>
          </reporter-output>
        </test-method> <!-- terminateBrowser -->
      </class> <!-- com.capstone1.selenium.testclass -->
    </test> <!-- Default test -->
  </suite> <!-- Default suite -->
</testng-results>
